libs/CircleRefresh/build/intermediates/proguard-rules/debug/aapt_rules.txt
# Generated by the gradle plugin
-keep class com.tuesda.walker.circlerefresh.CircleRefreshLayout { <init>(...); }