libs/CircleRefresh/build/outputs/mapping/debug/seeds.txt
com.autumn.circlerefresh.AnimationView: void setRefreshing(boolean)
com.autumn.circlerefresh.AnimationView: int getRelHeight()
com.autumn.circlerefresh.AnimationView: int getSpringDelta()
com.autumn.circlerefresh.AnimationView: float getRelRatio()
com.autumn.circlerefresh.AnimationView: float getSprRatio()
com.autumn.circlerefresh.AnimationView: float getPopRatio()
com.autumn.circlerefresh.AnimationView: float getOutRatio()
com.autumn.circlerefresh.AnimationView: float getDoneRatio()
com.autumn.circlerefresh.AnimationView: void setOnViewAniDone(com.autumn.circlerefresh.AnimationView$OnViewAniDone)
com.autumn.circlerefresh.AnimationView: void setAniBackColor(int)
com.autumn.circlerefresh.AnimationView: void setAniForeColor(int)
com.autumn.circlerefresh.AnimationView: void setRadius(int)
com.autumn.circlerefresh.AnimationView$AnimatorStatus: com.autumn.circlerefresh.AnimationView$AnimatorStatus[] values()
com.autumn.circlerefresh.AnimationView$AnimatorStatus: com.autumn.circlerefresh.AnimationView$AnimatorStatus valueOf(java.lang.String)
com.autumn.circlerefresh.CircleRefreshLayout: void setAttrs(android.util.AttributeSet)
com.autumn.circlerefresh.CircleRefreshLayout: void setOnRefreshListener(com.autumn.circlerefresh.CircleRefreshLayout$OnCircleRefreshListener)
com.autumn.circlerefresh.R
com.autumn.circlerefresh.R$anim
com.autumn.circlerefresh.R$anim: int abc_fade_in
com.autumn.circlerefresh.R$anim: int abc_fade_out
com.autumn.circlerefresh.R$anim: int abc_grow_fade_in_from_bottom
com.autumn.circlerefresh.R$anim: int abc_popup_enter
com.autumn.circlerefresh.R$anim: int abc_popup_exit
com.autumn.circlerefresh.R$anim: int abc_shrink_fade_out_from_bottom
com.autumn.circlerefresh.R$anim: int abc_slide_in_bottom
com.autumn.circlerefresh.R$anim: int abc_slide_in_top
com.autumn.circlerefresh.R$anim: int abc_slide_out_bottom
com.autumn.circlerefresh.R$anim: int abc_slide_out_top
com.autumn.circlerefresh.R$attr
com.autumn.circlerefresh.R$attr: int AniBackColor
com.autumn.circlerefresh.R$attr: int AniForeColor
com.autumn.circlerefresh.R$attr: int CircleSmaller
com.autumn.circlerefresh.R$attr: int actionBarDivider
com.autumn.circlerefresh.R$attr: int actionBarItemBackground
com.autumn.circlerefresh.R$attr: int actionBarPopupTheme
com.autumn.circlerefresh.R$attr: int actionBarSize
com.autumn.circlerefresh.R$attr: int actionBarSplitStyle
com.autumn.circlerefresh.R$attr: int actionBarStyle
com.autumn.circlerefresh.R$attr: int actionBarTabBarStyle
com.autumn.circlerefresh.R$attr: int actionBarTabStyle
com.autumn.circlerefresh.R$attr: int actionBarTabTextStyle
com.autumn.circlerefresh.R$attr: int actionBarTheme
com.autumn.circlerefresh.R$attr: int actionBarWidgetTheme
com.autumn.circlerefresh.R$attr: int actionButtonStyle
com.autumn.circlerefresh.R$attr: int actionDropDownStyle
com.autumn.circlerefresh.R$attr: int actionLayout
com.autumn.circlerefresh.R$attr: int actionMenuTextAppearance
com.autumn.circlerefresh.R$attr: int actionMenuTextColor
com.autumn.circlerefresh.R$attr: int actionModeBackground
com.autumn.circlerefresh.R$attr: int actionModeCloseButtonStyle
com.autumn.circlerefresh.R$attr: int actionModeCloseDrawable
com.autumn.circlerefresh.R$attr: int actionModeCopyDrawable
com.autumn.circlerefresh.R$attr: int actionModeCutDrawable
com.autumn.circlerefresh.R$attr: int actionModeFindDrawable
com.autumn.circlerefresh.R$bool
com.autumn.circlerefresh.R$bool: int abc_action_bar_embed_tabs
com.autumn.circlerefresh.R$bool: int abc_action_bar_embed_tabs_pre_jb
com.autumn.circlerefresh.R$bool: int abc_action_bar_expanded_action_views_exclusive
com.autumn.circlerefresh.R$bool: int abc_config_actionMenuItemAllCaps
com.autumn.circlerefresh.R$bool: int abc_config_allowActionMenuItemTextWithIcon
com.autumn.circlerefresh.R$bool: int abc_config_closeDialogWhenTouchOutside
com.autumn.circlerefresh.R$bool: int abc_config_showMenuShortcutsWhenKeyboardPresent
...
android.support.v7.appcompat.R$id
android.support.v7.appcompat.R$id: int action0
android.support.v7.appcompat.R$id: int action_bar
android.support.v7.appcompat.R$id: int action_bar_activity_content
android.support.v7.appcompat.R$id: int action_bar_container
android.support.v7.appcompat.R$id: int action_bar_root
android.support.v7.appcompat.R$id: int action_bar_spinner
android.support.v7.appcompat.R$id: int action_bar_subtitle
android.support.v7.appcompat.R$id: int action_bar_title
android.support.v7.appcompat.R$id: int action_context_bar
android.support.v7.appcompat.R$id: int action_divider
android.support.v7.appcompat.R$id: int action_menu_divider
android.support.v7.appcompat.R$id: int action_menu_presenter
android.support.v7.appcompat.R$id: int action_mode_bar
android.support.v7.appcompat.R$id: int action_mode_bar_stub
android.support.v7.appcompat.R$id: int action_mode_close_button
android.support.v7.appcompat.R$id: int activity_chooser_view_content
android.support.v7.appcompat.R$id: int alertTitle
android.support.v7.appcompat.R$id: int always
android.support.v7.appcompat.R$id: int beginning
android.support.v7.appcompat.R$id: int buttonPanel
android.support.v7.appcompat.R$id: int cancel_action
android.support.v7.appcompat.R$id: int checkbox
android.support.v7.appcompat.R$id: int chronometer
android.support.v7.appcompat.R$id: int collapseActionView
android.support.v7.appcompat.R$id: int contentPanel
android.support.v7.appcompat.R$id: int custom
android.support.v7.appcompat.R$integer
android.support.v7.appcompat.R$integer: int abc_config_activityDefaultDur
android.support.v7.appcompat.R$integer: int abc_config_activityShortDur
android.support.v7.appcompat.R$integer: int abc_max_action_buttons
android.support.v7.appcompat.R$integer: int cancel_button_image_alpha
android.support.v7.appcompat.R$integer: int status_bar_notification_info_maxnum
android.support.v7.appcompat.R$layout
android.support.v7.appcompat.R$layout: int abc_action_bar_title_item
android.support.v7.appcompat.R$layout: int abc_action_bar_up_container
android.support.v7.appcompat.R$layout: int abc_action_bar_view_list_nav_layout
android.support.v7.appcompat.R$layout: int abc_action_menu_item_layout
android.support.v7.appcompat.R$layout: int abc_action_menu_layout
android.support.v7.appcompat.R$layout: int abc_action_mode_bar
android.support.v7.appcompat.R$layout: int abc_action_mode_close_item_material
android.support.v7.appcompat.R$layout: int abc_activity_chooser_view
android.support.v7.appcompat.R$layout: int abc_activity_chooser_view_list_item
android.support.v7.appcompat.R$layout: int abc_alert_dialog_material
android.support.v7.appcompat.R$layout: int abc_dialog_title_material
android.support.v7.appcompat.R$layout: int abc_expanded_menu_layout
android.support.v7.appcompat.R$layout: int abc_list_menu_item_checkbox
android.support.v7.appcompat.R$layout: int abc_list_menu_item_icon
android.support.v7.appcompat.R$layout: int abc_list_menu_item_layout
android.support.v7.appcompat.R$layout: int abc_list_menu_item_radio
android.support.v7.appcompat.R$layout: int abc_popup_menu_item_layout
android.support.v7.appcompat.R$layout: int abc_screen_content_include
android.support.v7.appcompat.R$layout: int abc_screen_simple
android.support.v7.appcompat.R$layout: int abc_screen_simple_overlay_action_mode