libs/CircleRefresh/build/outputs/mapping/debug/mapping.txt
com.autumn.circlerefresh.R -> com.autumn.circlerefresh.R:
    void <init>() -> <init>
com.autumn.circlerefresh.R$anim -> com.autumn.circlerefresh.R$anim:
    int abc_fade_in -> abc_fade_in
    int abc_fade_out -> abc_fade_out
    int abc_grow_fade_in_from_bottom -> abc_grow_fade_in_from_bottom
    int abc_popup_enter -> abc_popup_enter
    int abc_popup_exit -> abc_popup_exit
    int abc_shrink_fade_out_from_bottom -> abc_shrink_fade_out_from_bottom
    int abc_slide_in_bottom -> abc_slide_in_bottom
    int abc_slide_in_top -> abc_slide_in_top
    int abc_slide_out_bottom -> abc_slide_out_bottom
    int abc_slide_out_top -> abc_slide_out_top
    void <init>() -> <init>
    void <clinit>() -> <clinit>
com.autumn.circlerefresh.R$attr -> com.autumn.circlerefresh.R$attr:
    int AniBackColor -> AniBackColor
    int AniForeColor -> AniForeColor
    int CircleSmaller -> CircleSmaller
    int actionBarDivider -> actionBarDivider
    int actionBarItemBackground -> actionBarItemBackground
    int actionBarPopupTheme -> actionBarPopupTheme
    int actionBarSize -> actionBarSize
    int actionBarSplitStyle -> actionBarSplitStyle
    int actionBarStyle -> actionBarStyle
    int actionBarTabBarStyle -> actionBarTabBarStyle
    int actionBarTabStyle -> actionBarTabStyle
    int actionBarTabTextStyle -> actionBarTabTextStyle
    int actionBarTheme -> actionBarTheme
    int actionBarWidgetTheme -> actionBarWidgetTheme
    int actionButtonStyle -> actionButtonStyle
    int actionDropDownStyle -> actionDropDownStyle
    int actionLayout -> actionLayout
    int actionMenuTextAppearance -> actionMenuTextAppearance
    int actionMenuTextColor -> actionMenuTextColor
    int actionModeBackground -> actionModeBackground
    int actionModeCloseButtonStyle -> actionModeCloseButtonStyle
    int actionModeCloseDrawable -> actionModeCloseDrawable
    int actionModeCopyDrawable -> actionModeCopyDrawable
    int actionModeCutDrawable -> actionModeCutDrawable
    int actionModeFindDrawable -> actionModeFindDrawable
    int actionModePasteDrawable -> actionModePasteDrawable
    int actionModePopupWindowStyle -> actionModePopupWindowStyle
    int actionModeSelectAllDrawable -> actionModeSelectAllDrawable
com.autumn.circlerefresh.R$bool -> com.autumn.circlerefresh.R$bool:
    int abc_action_bar_embed_tabs -> abc_action_bar_embed_tabs
    int abc_action_bar_embed_tabs_pre_jb -> abc_action_bar_embed_tabs_pre_jb
    int abc_action_bar_expanded_action_views_exclusive -> abc_action_bar_expanded_action_views_exclusive
    int abc_config_actionMenuItemAllCaps -> abc_config_actionMenuItemAllCaps
    int abc_config_allowActionMenuItemTextWithIcon -> abc_config_allowActionMenuItemTextWithIcon
    int abc_config_closeDialogWhenTouchOutside -> abc_config_closeDialogWhenTouchOutside
    int abc_config_showMenuShortcutsWhenKeyboardPresent -> abc_config_showMenuShortcutsWhenKeyboardPresent
    void <init>() -> <init>
    void <clinit>() -> <clinit>
...
android.support.v7.appcompat.R$bool -> android.support.v7.appcompat.R$bool:
    int abc_action_bar_embed_tabs -> abc_action_bar_embed_tabs
    int abc_action_bar_embed_tabs_pre_jb -> abc_action_bar_embed_tabs_pre_jb
    int abc_action_bar_expanded_action_views_exclusive -> abc_action_bar_expanded_action_views_exclusive
    int abc_config_actionMenuItemAllCaps -> abc_config_actionMenuItemAllCaps
    int abc_config_allowActionMenuItemTextWithIcon -> abc_config_allowActionMenuItemTextWithIcon
    int abc_config_closeDialogWhenTouchOutside -> abc_config_closeDialogWhenTouchOutside
    int abc_config_showMenuShortcutsWhenKeyboardPresent -> abc_config_showMenuShortcutsWhenKeyboardPresent
    void <init>() -> <init>
    void <clinit>() -> <clinit>
android.support.v7.appcompat.R$color -> android.support.v7.appcompat.R$color:
    int abc_background_cache_hint_selector_material_dark -> abc_background_cache_hint_selector_material_dark
    int abc_background_cache_hint_selector_material_light -> abc_background_cache_hint_selector_material_light
    int abc_input_method_navigation_guard -> abc_input_method_navigation_guard
    int abc_primary_text_disable_only_material_dark -> abc_primary_text_disable_only_material_dark
    int abc_primary_text_disable_only_material_light -> abc_primary_text_disable_only_material_light
    int abc_primary_text_material_dark -> abc_primary_text_material_dark
    int abc_primary_text_material_light -> abc_primary_text_material_light
    int abc_search_url_text -> abc_search_url_text
    int abc_search_url_text_normal -> abc_search_url_text_normal
    int abc_search_url_text_pressed -> abc_search_url_text_pressed
    int abc_search_url_text_selected -> abc_search_url_text_selected
    int abc_secondary_text_material_dark -> abc_secondary_text_material_dark
    int abc_secondary_text_material_light -> abc_secondary_text_material_light
    int accent_material_dark -> accent_material_dark
    int accent_material_light -> accent_material_light
    int background_floating_material_dark -> background_floating_material_dark
    int background_floating_material_light -> background_floating_material_light
    int background_material_dark -> background_material_dark
android.support.v7.appcompat.R$dimen -> android.support.v7.appcompat.R$dimen:
    int abc_action_bar_content_inset_material -> abc_action_bar_content_inset_material
    int abc_action_bar_default_height_material -> abc_action_bar_default_height_material
    int abc_action_bar_default_padding_material -> abc_action_bar_default_padding_material
    int abc_action_bar_icon_vertical_padding_material -> abc_action_bar_icon_vertical_padding_material
    int abc_action_bar_navigation_padding_start_material -> abc_action_bar_navigation_padding_start_material
    int abc_action_bar_overflow_padding_end_material -> abc_action_bar_overflow_padding_end_material
    int abc_action_bar_overflow_padding_start_material -> abc_action_bar_overflow_padding_start_material
    int abc_action_bar_progress_bar_size -> abc_action_bar_progress_bar_size
    int abc_action_bar_stacked_max_height -> abc_action_bar_stacked_max_height
    int abc_action_bar_stacked_tab_max_width -> abc_action_bar_stacked_tab_max_width
    int abc_action_bar_subtitle_bottom_margin_material -> abc_action_bar_subtitle_bottom_margin_material
    int abc_action_bar_subtitle_top_margin_material -> abc_action_bar_subtitle_top_margin_material
    int abc_action_button_min_height_material -> abc_action_button_min_height_material
    int abc_action_button_min_width_material -> abc_action_button_min_width_material
    int abc_action_button_min_width_overflow_material -> abc_action_button_min_width_overflow_material